<?xml version="1.0" encoding="utf-8"?>
<androidx.constraintlayout.widget.ConstraintLayout xmlns:android="http://schemas.android.com/apk/res/android"
                                                   android:layout_width="match_parent"
                                                   android:layout_height="match_parent">

    <LinearLayout
            android:layout_width="match_parent"
            android:layout_height="match_parent"
            android:orientation="vertical"
            android:background="@color/background">
        <LinearLayout
                android:layout_width="match_parent"
                android:layout_height="60dp"
                android:background="@color/top">
            <TextView
                    android:layout_width="match_parent"
                    android:layout_height="match_parent"
                    android:text="测试结果"
                    android:textColor="#D5D5D6"
                    android:textSize="24dp"
                    android:gravity="center"/>
        </LinearLayout>
        <LinearLayout
                android:layout_width="match_parent"
                android:layout_height="540dp"
                android:orientation="vertical">
            <ScrollView
                    android:layout_width="match_parent"
                    android:layout_height="match_parent"
                    android:fillViewport="true"
                    android:scrollbars="none">
                <LinearLayout
                        android:layout_width="340dp"
                        android:layout_height="match_parent"
                        android:layout_marginLeft="10dp"
                        android:orientation="vertical">
                    <LinearLayout
                            android:layout_width="match_parent"
                            android:layout_height="190dp"
                            android:background="#303237"
                            android:orientation="vertical">
                        <LinearLayout
                                android:layout_width="match_parent"
                                android:layout_height="47dp">
                            <ImageView
                                    android:layout_width="30dp"
                                    android:layout_height="30dp"
                                    android:layout_marginLeft="8dp"
                                    android:layout_marginTop="8dp"
                                    android:background="@color/blue" />
                            <TextView
                                    android:layout_width="match_parent"
                                    android:layout_height="match_parent"
                                    android:text="7001050001"
                                    android:textColor="#D5D5D6"
                                    android:textSize="14dp"
                                    android:gravity=""/>
                        </LinearLayout>
                        <LinearLayout
                                android:layout_width="match_parent"
                                android:layout_height="47dp">
                            <LinearLayout
                                    android:layout_width="140dp"
                                    android:layout_height="match_parent">
                                <ImageView
                                        android:layout_width="30dp"
                                        android:layout_height="30dp"
                                        android:layout_marginLeft="8dp"
                                        android:layout_marginTop="8dp"
                                        android:background="@color/blue" />
                                <TextView
                                        android:layout_width="match_parent"
                                        android:layout_height="match_parent"
                                        android:text="163-4"
                                        android:textColor="#D5D5D6"
                                        android:textSize="14dp"
                                        android:gravity=""/>
                            </LinearLayout>
                            <LinearLayout
                                    android:layout_width="200dp"
                                    android:layout_height="47dp">
                                <ImageView
                                        android:layout_width="30dp"
                                        android:layout_height="30dp"
                                        android:layout_marginLeft="8dp"
                                        android:layout_marginTop="8dp"
                                        android:background="@color/blue" />
                                <TextView
                                        android:layout_width="match_parent"
                                        android:layout_height="match_parent"
                                        android:text=""
                                        android:textColor="#D5D5D6"
                                        android:textSize="14dp"
                                        android:gravity=""/>
                            </LinearLayout>
                        </LinearLayout>
                        <LinearLayout
                                android:layout_width="match_parent"
                                android:layout_height="47dp">
                            <LinearLayout
                                    android:layout_width="140dp"
                                    android:layout_height="match_parent">
                                <ImageView
                                        android:layout_width="30dp"
                                        android:layout_height="30dp"
                                        android:layout_marginLeft="8dp"
                                        android:layout_marginTop="8dp"
                                        android:background="@color/blue" />
                                <TextView
                                        android:layout_width="match_parent"
                                        android:layout_height="match_parent"
                                        android:text="毛发"
                                        android:textColor="#D5D5D6"
                                        android:textSize="14dp"
                                        android:gravity=""/>
                            </LinearLayout>
                            <LinearLayout
                                    android:layout_width="200dp"
                                    android:layout_height="47dp">
                                <ImageView
                                        android:layout_width="30dp"
                                        android:layout_height="30dp"
                                        android:layout_marginLeft="8dp"
                                        android:layout_marginTop="8dp"
                                        android:background="@color/blue" />
                                <TextView
                                        android:layout_width="match_parent"
                                        android:layout_height="match_parent"
                                        android:text="123456"
                                        android:textColor="#D5D5D6"
                                        android:textSize="14dp"
                                        android:gravity=""/>
                            </LinearLayout>
                        </LinearLayout>
                        <LinearLayout
                                android:layout_width="match_parent"
                                android:layout_height="47dp">
                            <LinearLayout
                                    android:layout_width="140dp"
                                    android:layout_height="match_parent">
                                <ImageView
                                        android:layout_width="30dp"
                                        android:layout_height="30dp"
                                        android:layout_marginLeft="8dp"
                                        android:layout_marginTop="8dp"
                                        android:background="@color/blue" />
                                <TextView
                                        android:layout_width="match_parent"
                                        android:layout_height="match_parent"
                                        android:text="1FD88"
                                        android:textColor="#D5D5D6"
                                        android:textSize="14dp"
                                        android:gravity=""/>
                            </LinearLayout>
                            <LinearLayout
                                    android:layout_width="200dp"
                                    android:layout_height="47dp">
                                <ImageView
                                        android:layout_width="30dp"
                                        android:layout_height="30dp"
                                        android:layout_marginLeft="8dp"
                                        android:layout_marginTop="8dp"
                                        android:background="@color/blue" />
                                <TextView
                                        android:layout_width="match_parent"
                                        android:layout_height="match_parent"
                                        android:text="1970-01-05 14:20:25"
                                        android:textColor="#D5D5D6"
                                        android:textSize="14dp"
                                        android:inputType="datetime"
                                        android:gravity=""/>
                            </LinearLayout>
                        </LinearLayout>
                    </LinearLayout>
                    <LinearLayout
                            android:layout_width="340dp"
                            android:layout_height="215dp"
                            android:layout_marginTop="20dp"
                            android:orientation="vertical">
                        <TextView
                                android:layout_width="match_parent"
                                android:layout_height="30dp"
                                android:text="个人信息"
                                android:textSize="22dp"
                                android:textColor="#D5D5D6"/>
                        <LinearLayout
                                android:layout_width="match_parent"
                                android:layout_height="180dp"
                                android:layout_marginTop="5dp"
                                android:paddingTop="20dp"
                                android:paddingBottom="20dp"
                                android:paddingLeft="15dp"
                                android:background="@drawable/id_card"
                                android:orientation="vertical">
                            <LinearLayout
                                    android:layout_width="match_parent"
                                    android:layout_height="28dp"
                                    android:orientation="horizontal">
                                <TextView
                                        android:layout_width="50dp"
                                        android:layout_height="match_parent"
                                        android:textColor="#294B6B"
                                        android:text="姓名"
                                        android:textSize="14dp"/>
                                <TextView
                                        android:layout_width="100dp"
                                        android:layout_height="match_parent"
                                        android:textColor="#294B6B"
                                        android:text="张三"
                                        android:textSize="14dp"/>
                            </LinearLayout>
                            <LinearLayout
                                    android:layout_width="match_parent"
                                    android:layout_height="28dp"
                                    android:orientation="horizontal">
                                <TextView
                                        android:layout_width="50dp"
                                        android:layout_height="match_parent"
                                        android:text="性别"
                                        android:textSize="14dp"
                                        android:textColor="#294B6B"/>
                                <TextView
                                        android:layout_width="80dp"
                                        android:layout_height="match_parent"
                                        android:text="男"
                                        android:textSize="14dp"
                                        android:textColor="#294B6B"/>
                                <TextView
                                        android:layout_width="50dp"
                                        android:layout_height="match_parent"
                                        android:text="民族"
                                        android:textSize="14dp"
                                        android:textColor="#294B6B"/>
                                <TextView
                                        android:layout_width="40dp"
                                        android:layout_height="match_parent"
                                        android:text="汉"
                                        android:textSize="14dp"
                                        android:textColor="#294B6B"/>
                            </LinearLayout>
                            <LinearLayout
                                    android:layout_width="match_parent"
                                    android:layout_height="28dp"
                                    android:orientation="horizontal">
                                <TextView
                                        android:layout_width="50dp"
                                        android:layout_height="match_parent"
                                        android:textColor="#294B6B"
                                        android:text="生日"
                                        android:textSize="14dp"/>
                                <TextView
                                        android:layout_width="100dp"
                                        android:layout_height="match_parent"
                                        android:textColor="#294B6B"
                                        android:text="2020-09-17"
                                        android:textSize="14dp"/>
                            </LinearLayout>
                            <LinearLayout
                                    android:layout_width="match_parent"
                                    android:layout_height="36dp"
                                    android:orientation="horizontal">
                                <TextView
                                        android:layout_width="50dp"
                                        android:layout_height="match_parent"
                                        android:textColor="#294B6B"
                                        android:text="地址"
                                        android:textSize="14dp"/>
                                <TextView
                                        android:layout_width="match_parent"
                                        android:layout_height="match_parent"
                                        android:textColor="#294B6B"
                                        android:text="广东省广州市黄埔区萝岗街萝岗社区"
                                        android:textSize="14dp"/>
                            </LinearLayout>
                            <LinearLayout
                                    android:layout_width="match_parent"
                                    android:layout_height="30dp"
                                    android:orientation="horizontal">
                                <TextView
                                        android:layout_width="50dp"
                                        android:layout_height="match_parent"
                                        android:textColor="#294B6B"
                                        android:text="证件号"
                                        android:textSize="14dp"/>
                                <TextView
                                        android:layout_width="200dp"
                                        android:layout_height="match_parent"
                                        android:textColor="#294B6B"
                                        android:text="400000000000000000"
                                        android:textSize="14dp"/>
                            </LinearLayout>
                        </LinearLayout>
                    </LinearLayout>
                    <LinearLayout
                            android:layout_width="match_parent"
                            android:layout_height="90dp"
                            android:layout_marginTop="10dp"
                            android:orientation="vertical">
                        <LinearLayout
                                android:layout_width="match_parent"
                                android:layout_height="30dp">
                            <TextView
                                    android:layout_width="310dp"
                                    android:layout_height="match_parent"
                                    android:text="测试结果"
                                    android:textColor="#D5D5D6"
                                    android:textSize="22dp" />
                            <ImageView
                                    android:layout_width="30dp"
                                    android:layout_height="match_parent"
                                    android:background="@color/blue" />
                        </LinearLayout>
                        <LinearLayout
                                android:layout_width="match_parent"
                                android:layout_height="60dp"
                                android:background="#303237"
                                android:orientation="vertical">
                            <LinearLayout
                                    android:layout_width="match_parent"
                                    android:layout_height="30dp">
                                <TextView
                                        android:layout_width="114dp"
                                        android:layout_height="match_parent"
                                        android:text="项目"
                                        android:textSize="21dp"
                                        android:textColor="#D5D5D6"/>
                                <TextView
                                        android:layout_width="113dp"
                                        android:layout_height="match_parent"
                                        android:text="结果"
                                        android:textSize="21dp"
                                        android:textColor="#D5D5D6"
                                        android:gravity="center"/>
                                <TextView
                                        android:layout_width="113dp"
                                        android:layout_height="match_parent"
                                        android:text="单位"
                                        android:textSize="21dp"
                                        android:textColor="#D5D5D6"
                                        android:gravity="right" />
                            </LinearLayout>
                            <LinearLayout
                                    android:layout_width="match_parent"
                                    android:layout_height="30dp">
                                <TextView
                                        android:layout_width="114dp"
                                        android:layout_height="match_parent"
                                        android:text="冰毒"
                                        android:textSize="20dp"
                                        android:textColor="#D5D5D6"/>
                                <TextView
                                        android:layout_width="113dp"
                                        android:layout_height="match_parent"
                                        android:text="1.00"
                                        android:textSize="20dp"
                                        android:textColor="#D5D5D6"
                                        android:gravity="center"/>
                                <TextView
                                        android:layout_width="113dp"
                                        android:layout_height="match_parent"
                                        android:text="ng/ml"
                                        android:textSize="20dp"
                                        android:textColor="#D5D5D6"
                                        android:gravity="right" />
                            </LinearLayout>
                        </LinearLayout>
                    </LinearLayout>
                </LinearLayout>
            </ScrollView>
        </LinearLayout>
        <LinearLayout
                android:layout_width="match_parent"
                android:layout_height="30dp">
            <Button
                    android:layout_width="90dp"
                    android:layout_height="30dp"
                    android:background="@drawable/button_grey"
                    android:layout_marginLeft="10dp"
                    android:text="打印"
                    android:textColor="#C5C5C8"
                    android:textSize="20dp" />
            <Button
                    android:layout_width="90dp"
                    android:layout_height="30dp"
                    android:background="@drawable/button_grey"
                    android:layout_marginLeft="160dp"
                    android:text="测试完成"
                    android:textColor="#C5C5C8"
                    android:textSize="20dp" />
        </LinearLayout>
    </LinearLayout>
</androidx.constraintlayout.widget.ConstraintLayout>